build/app/intermediates/manifest_merge_blame_file/release/manifest-merger-blame-release-report.txt
1<?xml version="1.0" encoding="utf-8"?>
2<manifest xmlns:android="http://schemas.android.com/apk/res/android"
3    package="com.foretech.musify"
4    android:versionCode="4011"
5    android:versionName="1.0.0" >
6
7    <uses-sdk
8        android:minSdkVersion="19"
8-->src\main\AndroidManifest.xml
9        android:targetSdkVersion="33" />
9-->src\main\AndroidManifest.xml
10    <!-- <uses-permission android:name="android.permission.INTERNET"/> -->
11
12    <uses-permission android:name="android.permission.WRITE_EXTERNAL_STORAGE" />
12-->src\main\AndroidManifest.xml:5:5-81
12-->src\main\AndroidManifest.xml:5:22-78
13    <uses-permission android:name="android.permission.READ_EXTERNAL_STORAGE" />
13-->src\main\AndroidManifest.xml:6:5-80
13-->src\main\AndroidManifest.xml:6:22-77
14    <!--
15         <uses-permission
16        android:name="android.permission.MANAGE_EXTERNAL_STORAGE"
17        android:minSdkVersion="30" />
18    -->
19    <uses-permission android:name="android.permission.INTERNET" />
19-->src\main\AndroidManifest.xml:10:5-67
19-->src\main\AndroidManifest.xml:10:22-64
20    <uses-permission android:name="android.permission.WAKE_LOCK" />
20-->src\main\AndroidManifest.xml:11:5-68
20-->src\main\AndroidManifest.xml:11:22-65
21    <uses-permission android:name="android.permission.FOREGROUND_SERVICE" />
21-->src\main\AndroidManifest.xml:12:5-77
21-->src\main\AndroidManifest.xml:12:22-74
22    <uses-permission android:name="android.permission.RECEIVE_BOOT_COMPLETED" />
22-->[:flutter_local_notifications] AndroidManifest.xml:9:5-81
22-->[:flutter_local_notifications] AndroidManifest.xml:9:22-78
23    <uses-permission android:name="android.permission.VIBRATE" />
23-->[:flutter_local_notifications] AndroidManifest.xml:10:5-66
23-->[:flutter_local_notifications] AndroidManifest.xml:10:22-63
24    <uses-permission android:name="android.permission.USE_FULL_SCREEN_INTENT" />
24-->[:flutter_local_notifications] AndroidManifest.xml:11:5-81
24-->[:flutter_local_notifications] AndroidManifest.xml:11:22-78
25    <uses-permission android:name="android.permission.SCHEDULE_EXACT_ALARM" />
25-->[:flutter_local_notifications] AndroidManifest.xml:12:5-79
25-->[:flutter_local_notifications] AndroidManifest.xml:12:22-76
26    <uses-permission android:name="android.permission.POST_NOTIFICATIONS" />
26-->[:flutter_local_notifications] AndroidManifest.xml:13:5-77
26-->[:flutter_local_notifications] AndroidManifest.xml:13:22-74
27
28    <queries>
28-->[androidx.media2:media2-session:1.2.1] AndroidManifest.xml:24:5-34:15
29        <intent>
29-->[androidx.media2:media2-session:1.2.1] AndroidManifest.xml:25:9-27:18
30            <action android:name="android.media.browse.MediaBrowserService" />
30-->src\main\AndroidManifest.xml:48:13-79
30-->src\main\AndroidManifest.xml:48:21-76
31        </intent>
32        <intent>
32-->[androidx.media2:media2-session:1.2.1] AndroidManifest.xml:28:9-30:18
33            <action android:name="androidx.media2.session.MediaSessionService" />
33-->[androidx.media2:media2-session:1.2.1] AndroidManifest.xml:29:13-82
33-->[androidx.media2:media2-session:1.2.1] AndroidManifest.xml:29:21-79
34        </intent>
35        <intent>
35-->[androidx.media2:media2-session:1.2.1] AndroidManifest.xml:31:9-33:18
36            <action android:name="androidx.media2.session.MediaLibraryService" />
36-->[androidx.media2:media2-session:1.2.1] AndroidManifest.xml:32:13-82
36-->[androidx.media2:media2-session:1.2.1] AndroidManifest.xml:32:21-79
37        </intent>
38        <!-- For browser content -->
39        <intent>
39-->[com.google.android.gms:play-services-ads-lite:22.3.0] AndroidManifest.xml:35:9-41:18
40            <action android:name="android.intent.action.VIEW" />
40-->[com.google.android.gms:play-services-ads-lite:22.3.0] AndroidManifest.xml:36:13-65
40-->[com.google.android.gms:play-services-ads-lite:22.3.0] AndroidManifest.xml:36:21-62
41
42            <category android:name="android.intent.category.BROWSABLE" />
42-->[com.google.android.gms:play-services-ads-lite:22.3.0] AndroidManifest.xml:38:13-74
42-->[com.google.android.gms:play-services-ads-lite:22.3.0] AndroidManifest.xml:38:23-71
43
44            <data android:scheme="https" />
44-->[com.google.android.gms:play-services-ads-lite:22.3.0] AndroidManifest.xml:40:13-44
44-->[com.google.android.gms:play-services-ads-lite:22.3.0] AndroidManifest.xml:40:19-41
45        </intent> <!-- End of browser content -->
46        <!-- For CustomTabsService -->
47        <intent>
47-->[com.google.android.gms:play-services-ads-lite:22.3.0] AndroidManifest.xml:44:9-46:18
48            <action android:name="android.support.customtabs.action.CustomTabsService" />
48-->[com.google.android.gms:play-services-ads-lite:22.3.0] AndroidManifest.xml:45:13-90
48-->[com.google.android.gms:play-services-ads-lite:22.3.0] AndroidManifest.xml:45:21-87
49        </intent>
50    </queries>
51
52    <uses-permission android:name="android.permission.ACCESS_NETWORK_STATE" />
52-->[com.google.android.exoplayer:exoplayer-core:2.18.7] AndroidManifest.xml:24:5-79
52-->[com.google.android.exoplayer:exoplayer-core:2.18.7] AndroidManifest.xml:24:22-76
53    <uses-permission android:name="com.google.android.gms.permission.AD_ID" />
53-->[com.google.android.gms:play-services-ads-lite:22.3.0] AndroidManifest.xml:26:5-79
53-->[com.google.android.gms:play-services-ads-lite:22.3.0] AndroidManifest.xml:26:22-76
54
55    <application
56        android:name="io.flutter.app.FlutterMultiDexApplication"
56-->src\main\AndroidManifest.xml:18:9-42
57        android:appComponentFactory="androidx.core.app.CoreComponentFactory"
57-->[androidx.core:core:1.7.0] AndroidManifest.xml:24:18-86
58        android:enableOnBackInvokedCallback="true"
58-->src\main\AndroidManifest.xml:22:9-51
59        android:icon="@mipmap/ic_launcher"
59-->src\main\AndroidManifest.xml:19:9-43
60        android:label="Musify"
60-->src\main\AndroidManifest.xml:17:9-31
61        android:requestLegacyExternalStorage="true"
61-->src\main\AndroidManifest.xml:21:9-52
62        android:usesCleartextTraffic="true" >
62-->src\main\AndroidManifest.xml:20:9-44
63        <activity
63-->src\main\AndroidManifest.xml:23:9-35:20
64            android:name="com.ryanheise.audioservice.AudioServiceActivity"
64-->src\main\AndroidManifest.xml:24:13-75
65            android:configChanges="orientation|keyboardHidden|keyboard|screenSize|locale|layoutDirection|fontScale|screenLayout|density|uiMode"
65-->src\main\AndroidManifest.xml:27:13-144
66            android:exported="true"
66-->src\main\AndroidManifest.xml:30:13-36
67            android:hardwareAccelerated="true"
67-->src\main\AndroidManifest.xml:28:13-47
68            android:launchMode="singleTop"
68-->src\main\AndroidManifest.xml:25:13-43
69            android:theme="@style/LaunchTheme"
69-->src\main\AndroidManifest.xml:26:13-47
70            android:windowSoftInputMode="adjustResize" >
70-->src\main\AndroidManifest.xml:29:13-55
71            <intent-filter>
71-->src\main\AndroidManifest.xml:31:13-34:29
72                <action android:name="android.intent.action.MAIN" />
72-->src\main\AndroidManifest.xml:32:17-68
72-->src\main\AndroidManifest.xml:32:25-66
73
74                <category android:name="android.intent.category.LAUNCHER" />
74-->src\main\AndroidManifest.xml:33:17-76
74-->src\main\AndroidManifest.xml:33:27-74
75            </intent-filter>
76        </activity>
77
78        <meta-data
78-->src\main\AndroidManifest.xml:37:9-40:17
79            android:name="io.flutter.embedding.android.NormalTheme"
79-->src\main\AndroidManifest.xml:38:15-70
80            android:resource="@style/NormalTheme" />
80-->src\main\AndroidManifest.xml:39:15-52
81
82        <service
82-->src\main\AndroidManifest.xml:42:9-50:19
83            android:name="com.ryanheise.audioservice.AudioService"
83-->src\main\AndroidManifest.xml:43:13-67
84            android:exported="true"
84-->src\main\AndroidManifest.xml:45:13-36
85            android:foregroundServiceType="mediaPlayback" >
85-->src\main\AndroidManifest.xml:44:13-58
86            <intent-filter>
86-->src\main\AndroidManifest.xml:47:11-49:27
87                <action android:name="android.media.browse.MediaBrowserService" />
87-->src\main\AndroidManifest.xml:48:13-79
87-->src\main\AndroidManifest.xml:48:21-76
88            </intent-filter>
89        </service>
90
91        <receiver
91-->src\main\AndroidManifest.xml:52:9-59:20
92            android:name="com.ryanheise.audioservice.MediaButtonReceiver"
92-->src\main\AndroidManifest.xml:53:13-74
93            android:exported="true" >
93-->src\main\AndroidManifest.xml:54:13-36
94            <intent-filter>
94-->src\main\AndroidManifest.xml:56:11-58:27
95                <action android:name="android.intent.action.MEDIA_BUTTON" />
95-->src\main\AndroidManifest.xml:57:13-73
95-->src\main\AndroidManifest.xml:57:21-70
96            </intent-filter>
97        </receiver>
98
99        <meta-data
99-->src\main\AndroidManifest.xml:61:9-63:33
100            android:name="flutterEmbedding"
100-->src\main\AndroidManifest.xml:62:13-44
101            android:value="2" />
101-->src\main\AndroidManifest.xml:63:13-30
102        <meta-data
102-->src\main\AndroidManifest.xml:65:9-67:69
103            android:name="com.google.android.gms.ads.APPLICATION_ID"
103-->src\main\AndroidManifest.xml:66:13-69
104            android:value="ca-app-pub-2588803018465773~4024539090" />
104-->src\main\AndroidManifest.xml:67:13-67
105
106        <receiver
106-->[:flutter_local_notifications] AndroidManifest.xml:16:9-18:40
107            android:name="com.dexterous.flutterlocalnotifications.ActionBroadcastReceiver"
107-->[:flutter_local_notifications] AndroidManifest.xml:17:13-91
108            android:exported="false" />
108-->[:flutter_local_notifications] AndroidManifest.xml:18:13-37
109        <receiver
109-->[:flutter_local_notifications] AndroidManifest.xml:19:9-21:40
110            android:name="com.dexterous.flutterlocalnotifications.ScheduledNotificationReceiver"
110-->[:flutter_local_notifications] AndroidManifest.xml:20:13-97
111            android:exported="false" />
111-->[:flutter_local_notifications] AndroidManifest.xml:21:13-37
112        <receiver
112-->[:flutter_local_notifications] AndroidManifest.xml:22:9-31:20
113            android:name="com.dexterous.flutterlocalnotifications.ScheduledNotificationBootReceiver"
113-->[:flutter_local_notifications] AndroidManifest.xml:23:13-101
114            android:exported="false" >
114-->[:flutter_local_notifications] AndroidManifest.xml:24:13-37
115            <intent-filter>
115-->[:flutter_local_notifications] AndroidManifest.xml:25:13-30:29
116                <action android:name="android.intent.action.BOOT_COMPLETED" />
116-->[:flutter_local_notifications] AndroidManifest.xml:26:17-79
116-->[:flutter_local_notifications] AndroidManifest.xml:26:25-76
117                <action android:name="android.intent.action.MY_PACKAGE_REPLACED" />
117-->[:flutter_local_notifications] AndroidManifest.xml:27:17-84
117-->[:flutter_local_notifications] AndroidManifest.xml:27:25-81
118                <action android:name="android.intent.action.QUICKBOOT_POWERON" />
118-->[:flutter_local_notifications] AndroidManifest.xml:28:17-82
118-->[:flutter_local_notifications] AndroidManifest.xml:28:25-79
119                <action android:name="com.htc.intent.action.QUICKBOOT_POWERON" />
119-->[:flutter_local_notifications] AndroidManifest.xml:29:17-82
119-->[:flutter_local_notifications] AndroidManifest.xml:29:25-79
120            </intent-filter>
121        </receiver>
122
123        <meta-data
123-->[:google_mobile_ads] AndroidManifest.xml:12:9-14:36
124            android:name="io.flutter.embedded_views_preview"
124-->[:google_mobile_ads] AndroidManifest.xml:13:13-61
125            android:value="true" />
125-->[:google_mobile_ads] AndroidManifest.xml:14:13-33
126
127        <uses-library
127-->[androidx.window:window:1.0.0-beta04] AndroidManifest.xml:25:9-27:40
128            android:name="androidx.window.extensions"
128-->[androidx.window:window:1.0.0-beta04] AndroidManifest.xml:26:13-54
129            android:required="false" />
129-->[androidx.window:window:1.0.0-beta04] AndroidManifest.xml:27:13-37
130        <uses-library
130-->[androidx.window:window:1.0.0-beta04] AndroidManifest.xml:28:9-30:40
131            android:name="androidx.window.sidecar"
131-->[androidx.window:window:1.0.0-beta04] AndroidManifest.xml:29:13-51
132            android:required="false" /> <!-- Include the AdActivity and InAppPurchaseActivity configChanges and themes. -->
132-->[androidx.window:window:1.0.0-beta04] AndroidManifest.xml:30:13-37
133        <activity
133-->[com.google.android.gms:play-services-ads-lite:22.3.0] AndroidManifest.xml:53:9-58:43
134            android:name="com.google.android.gms.ads.AdActivity"
134-->[com.google.android.gms:play-services-ads-lite:22.3.0] AndroidManifest.xml:54:13-65
135            android:configChanges="keyboard|keyboardHidden|orientation|screenLayout|uiMode|screenSize|smallestScreenSize"
135-->[com.google.android.gms:play-services-ads-lite:22.3.0] AndroidManifest.xml:55:13-122
136            android:exported="false"
136-->[com.google.android.gms:play-services-ads-lite:22.3.0] AndroidManifest.xml:56:13-37
137            android:theme="@android:style/Theme.Translucent" />
137-->[com.google.android.gms:play-services-ads-lite:22.3.0] AndroidManifest.xml:57:13-61
138
139        <provider
139-->[com.google.android.gms:play-services-ads-lite:22.3.0] AndroidManifest.xml:60:9-65:43
140            android:name="com.google.android.gms.ads.MobileAdsInitProvider"
140-->[com.google.android.gms:play-services-ads-lite:22.3.0] AndroidManifest.xml:61:13-76
141            android:authorities="com.foretech.musify.mobileadsinitprovider"
141-->[com.google.android.gms:play-services-ads-lite:22.3.0] AndroidManifest.xml:62:13-73
142            android:exported="false"
142-->[com.google.android.gms:play-services-ads-lite:22.3.0] AndroidManifest.xml:63:13-37
143            android:initOrder="100" />
143-->[com.google.android.gms:play-services-ads-lite:22.3.0] AndroidManifest.xml:64:13-36
144
145        <service
145-->[com.google.android.gms:play-services-ads-lite:22.3.0] AndroidManifest.xml:67:9-71:43
146            android:name="com.google.android.gms.ads.AdService"
146-->[com.google.android.gms:play-services-ads-lite:22.3.0] AndroidManifest.xml:68:13-64
147            android:enabled="true"
147-->[com.google.android.gms:play-services-ads-lite:22.3.0] AndroidManifest.xml:69:13-35
148            android:exported="false" />
148-->[com.google.android.gms:play-services-ads-lite:22.3.0] AndroidManifest.xml:70:13-37
149
150        <activity
150-->[com.google.android.gms:play-services-ads-lite:22.3.0] AndroidManifest.xml:73:9-77:43
151            android:name="com.google.android.gms.ads.OutOfContextTestingActivity"
151-->[com.google.android.gms:play-services-ads-lite:22.3.0] AndroidManifest.xml:74:13-82
152            android:configChanges="keyboard|keyboardHidden|orientation|screenLayout|uiMode|screenSize|smallestScreenSize"
152-->[com.google.android.gms:play-services-ads-lite:22.3.0] AndroidManifest.xml:75:13-122
153            android:exported="false" />
153-->[com.google.android.gms:play-services-ads-lite:22.3.0] AndroidManifest.xml:76:13-37
154        <activity
154-->[com.google.android.gms:play-services-base:18.0.0] AndroidManifest.xml:20:9-22:45
155            android:name="com.google.android.gms.common.api.GoogleApiActivity"
155-->[com.google.android.gms:play-services-base:18.0.0] AndroidManifest.xml:20:19-85
156            android:exported="false"
156-->[com.google.android.gms:play-services-base:18.0.0] AndroidManifest.xml:22:19-43
157            android:theme="@android:style/Theme.Translucent.NoTitleBar" />
157-->[com.google.android.gms:play-services-base:18.0.0] AndroidManifest.xml:21:19-78
158
159        <meta-data
159-->[com.google.android.gms:play-services-basement:18.0.0] AndroidManifest.xml:21:9-23:69
160            android:name="com.google.android.gms.version"
160-->[com.google.android.gms:play-services-basement:18.0.0] AndroidManifest.xml:22:13-58
161            android:value="@integer/google_play_services_version" />
161-->[com.google.android.gms:play-services-basement:18.0.0] AndroidManifest.xml:23:13-66
162
163        <provider
163-->[androidx.work:work-runtime:2.7.0] AndroidManifest.xml:31:9-39:20
164            android:name="androidx.startup.InitializationProvider"
164-->[androidx.work:work-runtime:2.7.0] AndroidManifest.xml:32:13-67
165            android:authorities="com.foretech.musify.androidx-startup"
165-->[androidx.work:work-runtime:2.7.0] AndroidManifest.xml:33:13-68
166            android:exported="false" >
166-->[androidx.work:work-runtime:2.7.0] AndroidManifest.xml:34:13-37
167            <meta-data
167-->[androidx.work:work-runtime:2.7.0] AndroidManifest.xml:36:13-38:52
168                android:name="androidx.work.WorkManagerInitializer"
168-->[androidx.work:work-runtime:2.7.0] AndroidManifest.xml:37:17-68
169                android:value="androidx.startup" />
169-->[androidx.work:work-runtime:2.7.0] AndroidManifest.xml:38:17-49
170        </provider>
171
172        <service
172-->[androidx.work:work-runtime:2.7.0] AndroidManifest.xml:41:9-46:35
173            android:name="androidx.work.impl.background.systemalarm.SystemAlarmService"
173-->[androidx.work:work-runtime:2.7.0] AndroidManifest.xml:42:13-88
174            android:directBootAware="false"
174-->[androidx.work:work-runtime:2.7.0] AndroidManifest.xml:43:13-44
175            android:enabled="@bool/enable_system_alarm_service_default"
175-->[androidx.work:work-runtime:2.7.0] AndroidManifest.xml:44:13-72
176            android:exported="false" />
176-->[androidx.work:work-runtime:2.7.0] AndroidManifest.xml:45:13-37
177        <service
177-->[androidx.work:work-runtime:2.7.0] AndroidManifest.xml:47:9-53:35
178            android:name="androidx.work.impl.background.systemjob.SystemJobService"
178-->[androidx.work:work-runtime:2.7.0] AndroidManifest.xml:48:13-84
179            android:directBootAware="false"
179-->[androidx.work:work-runtime:2.7.0] AndroidManifest.xml:49:13-44
180            android:enabled="@bool/enable_system_job_service_default"
180-->[androidx.work:work-runtime:2.7.0] AndroidManifest.xml:50:13-70
181            android:exported="true"
181-->[androidx.work:work-runtime:2.7.0] AndroidManifest.xml:51:13-36
182            android:permission="android.permission.BIND_JOB_SERVICE" />
182-->[androidx.work:work-runtime:2.7.0] AndroidManifest.xml:52:13-69
183        <service
183-->[androidx.work:work-runtime:2.7.0] AndroidManifest.xml:54:9-59:35
184            android:name="androidx.work.impl.foreground.SystemForegroundService"
184-->[androidx.work:work-runtime:2.7.0] AndroidManifest.xml:55:13-81
185            android:directBootAware="false"
185-->[androidx.work:work-runtime:2.7.0] AndroidManifest.xml:56:13-44
186            android:enabled="@bool/enable_system_foreground_service_default"
186-->[androidx.work:work-runtime:2.7.0] AndroidManifest.xml:57:13-77
187            android:exported="false" />
187-->[androidx.work:work-runtime:2.7.0] AndroidManifest.xml:58:13-37
188
189        <receiver
189-->[androidx.work:work-runtime:2.7.0] AndroidManifest.xml:61:9-66:35
190            android:name="androidx.work.impl.utils.ForceStopRunnable$BroadcastReceiver"
190-->[androidx.work:work-runtime:2.7.0] AndroidManifest.xml:62:13-88
191            android:directBootAware="false"
191-->[androidx.work:work-runtime:2.7.0] AndroidManifest.xml:63:13-44
192            android:enabled="true"
192-->[androidx.work:work-runtime:2.7.0] AndroidManifest.xml:64:13-35
193            android:exported="false" />
193-->[androidx.work:work-runtime:2.7.0] AndroidManifest.xml:65:13-37
194        <receiver
194-->[androidx.work:work-runtime:2.7.0] AndroidManifest.xml:67:9-77:20
195            android:name="androidx.work.impl.background.systemalarm.ConstraintProxy$BatteryChargingProxy"
195-->[androidx.work:work-runtime:2.7.0] AndroidManifest.xml:68:13-106
196            android:directBootAware="false"
196-->[androidx.work:work-runtime:2.7.0] AndroidManifest.xml:69:13-44
197            android:enabled="false"
197-->[androidx.work:work-runtime:2.7.0] AndroidManifest.xml:70:13-36
198            android:exported="false" >
198-->[androidx.work:work-runtime:2.7.0] AndroidManifest.xml:71:13-37
199            <intent-filter>
199-->[androidx.work:work-runtime:2.7.0] AndroidManifest.xml:73:13-76:29
200                <action android:name="android.intent.action.ACTION_POWER_CONNECTED" />
200-->[androidx.work:work-runtime:2.7.0] AndroidManifest.xml:74:17-87
200-->[androidx.work:work-runtime:2.7.0] AndroidManifest.xml:74:25-84
201                <action android:name="android.intent.action.ACTION_POWER_DISCONNECTED" />
201-->[androidx.work:work-runtime:2.7.0] AndroidManifest.xml:75:17-90
201-->[androidx.work:work-runtime:2.7.0] AndroidManifest.xml:75:25-87
202            </intent-filter>
203        </receiver>
204        <receiver
204-->[androidx.work:work-runtime:2.7.0] AndroidManifest.xml:78:9-88:20
205            android:name="androidx.work.impl.background.systemalarm.ConstraintProxy$BatteryNotLowProxy"
205-->[androidx.work:work-runtime:2.7.0] AndroidManifest.xml:79:13-104
206            android:directBootAware="false"
206-->[androidx.work:work-runtime:2.7.0] AndroidManifest.xml:80:13-44
207            android:enabled="false"
207-->[androidx.work:work-runtime:2.7.0] AndroidManifest.xml:81:13-36
208            android:exported="false" >
208-->[androidx.work:work-runtime:2.7.0] AndroidManifest.xml:82:13-37
209            <intent-filter>
209-->[androidx.work:work-runtime:2.7.0] AndroidManifest.xml:84:13-87:29
210                <action android:name="android.intent.action.BATTERY_OKAY" />
210-->[androidx.work:work-runtime:2.7.0] AndroidManifest.xml:85:17-77
210-->[androidx.work:work-runtime:2.7.0] AndroidManifest.xml:85:25-74
211                <action android:name="android.intent.action.BATTERY_LOW" />
211-->[androidx.work:work-runtime:2.7.0] AndroidManifest.xml:86:17-76
211-->[androidx.work:work-runtime:2.7.0] AndroidManifest.xml:86:25-73
212            </intent-filter>
213        </receiver>
214        <receiver
214-->[androidx.work:work-runtime:2.7.0] AndroidManifest.xml:89:9-99:20
215            android:name="androidx.work.impl.background.systemalarm.ConstraintProxy$StorageNotLowProxy"
215-->[androidx.work:work-runtime:2.7.0] AndroidManifest.xml:90:13-104
216            android:directBootAware="false"
216-->[androidx.work:work-runtime:2.7.0] AndroidManifest.xml:91:13-44
217            android:enabled="false"
217-->[androidx.work:work-runtime:2.7.0] AndroidManifest.xml:92:13-36
218            android:exported="false" >
218-->[androidx.work:work-runtime:2.7.0] AndroidManifest.xml:93:13-37
219            <intent-filter>
219-->[androidx.work:work-runtime:2.7.0] AndroidManifest.xml:95:13-98:29
220                <action android:name="android.intent.action.DEVICE_STORAGE_LOW" />
220-->[androidx.work:work-runtime:2.7.0] AndroidManifest.xml:96:17-83
220-->[androidx.work:work-runtime:2.7.0] AndroidManifest.xml:96:25-80
221                <action android:name="android.intent.action.DEVICE_STORAGE_OK" />
221-->[androidx.work:work-runtime:2.7.0] AndroidManifest.xml:97:17-82
221-->[androidx.work:work-runtime:2.7.0] AndroidManifest.xml:97:25-79
222            </intent-filter>
223        </receiver>
224        <receiver
224-->[androidx.work:work-runtime:2.7.0] AndroidManifest.xml:100:9-109:20
225            android:name="androidx.work.impl.background.systemalarm.ConstraintProxy$NetworkStateProxy"
225-->[androidx.work:work-runtime:2.7.0] AndroidManifest.xml:101:13-103
226            android:directBootAware="false"
226-->[androidx.work:work-runtime:2.7.0] AndroidManifest.xml:102:13-44
227            android:enabled="false"
227-->[androidx.work:work-runtime:2.7.0] AndroidManifest.xml:103:13-36
228            android:exported="false" >
228-->[androidx.work:work-runtime:2.7.0] AndroidManifest.xml:104:13-37
229            <intent-filter>
229-->[androidx.work:work-runtime:2.7.0] AndroidManifest.xml:106:13-108:29
230                <action android:name="android.net.conn.CONNECTIVITY_CHANGE" />
230-->[androidx.work:work-runtime:2.7.0] AndroidManifest.xml:107:17-79
230-->[androidx.work:work-runtime:2.7.0] AndroidManifest.xml:107:25-76
231            </intent-filter>
232        </receiver>
233        <receiver
233-->[androidx.work:work-runtime:2.7.0] AndroidManifest.xml:110:9-121:20
234            android:name="androidx.work.impl.background.systemalarm.RescheduleReceiver"
234-->[androidx.work:work-runtime:2.7.0] AndroidManifest.xml:111:13-88
235            android:directBootAware="false"
235-->[androidx.work:work-runtime:2.7.0] AndroidManifest.xml:112:13-44
236            android:enabled="false"
236-->[androidx.work:work-runtime:2.7.0] AndroidManifest.xml:113:13-36
237            android:exported="false" >
237-->[androidx.work:work-runtime:2.7.0] AndroidManifest.xml:114:13-37
238            <intent-filter>
238-->[androidx.work:work-runtime:2.7.0] AndroidManifest.xml:116:13-120:29
239                <action android:name="android.intent.action.BOOT_COMPLETED" />
239-->[:flutter_local_notifications] AndroidManifest.xml:26:17-79
239-->[:flutter_local_notifications] AndroidManifest.xml:26:25-76
240                <action android:name="android.intent.action.TIME_SET" />
240-->[androidx.work:work-runtime:2.7.0] AndroidManifest.xml:118:17-73
240-->[androidx.work:work-runtime:2.7.0] AndroidManifest.xml:118:25-70
241                <action android:name="android.intent.action.TIMEZONE_CHANGED" />
241-->[androidx.work:work-runtime:2.7.0] AndroidManifest.xml:119:17-81
241-->[androidx.work:work-runtime:2.7.0] AndroidManifest.xml:119:25-78
242            </intent-filter>
243        </receiver>
244        <receiver
244-->[androidx.work:work-runtime:2.7.0] AndroidManifest.xml:122:9-131:20
245            android:name="androidx.work.impl.background.systemalarm.ConstraintProxyUpdateReceiver"
245-->[androidx.work:work-runtime:2.7.0] AndroidManifest.xml:123:13-99
246            android:directBootAware="false"
246-->[androidx.work:work-runtime:2.7.0] AndroidManifest.xml:124:13-44
247            android:enabled="@bool/enable_system_alarm_service_default"
247-->[androidx.work:work-runtime:2.7.0] AndroidManifest.xml:125:13-72
248            android:exported="false" >
248-->[androidx.work:work-runtime:2.7.0] AndroidManifest.xml:126:13-37
249            <intent-filter>
249-->[androidx.work:work-runtime:2.7.0] AndroidManifest.xml:128:13-130:29
250                <action android:name="androidx.work.impl.background.systemalarm.UpdateProxies" />
250-->[androidx.work:work-runtime:2.7.0] AndroidManifest.xml:129:17-98
250-->[androidx.work:work-runtime:2.7.0] AndroidManifest.xml:129:25-95
251            </intent-filter>
252        </receiver>
253        <receiver
253-->[androidx.work:work-runtime:2.7.0] AndroidManifest.xml:132:9-142:20
254            android:name="androidx.work.impl.diagnostics.DiagnosticsReceiver"
254-->[androidx.work:work-runtime:2.7.0] AndroidManifest.xml:133:13-78
255            android:directBootAware="false"
255-->[androidx.work:work-runtime:2.7.0] AndroidManifest.xml:134:13-44
256            android:enabled="true"
256-->[androidx.work:work-runtime:2.7.0] AndroidManifest.xml:135:13-35
257            android:exported="true"
257-->[androidx.work:work-runtime:2.7.0] AndroidManifest.xml:136:13-36
258            android:permission="android.permission.DUMP" >
258-->[androidx.work:work-runtime:2.7.0] AndroidManifest.xml:137:13-57
259            <intent-filter>
259-->[androidx.work:work-runtime:2.7.0] AndroidManifest.xml:139:13-141:29
260                <action android:name="androidx.work.diagnostics.REQUEST_DIAGNOSTICS" />
260-->[androidx.work:work-runtime:2.7.0] AndroidManifest.xml:140:17-88
260-->[androidx.work:work-runtime:2.7.0] AndroidManifest.xml:140:25-85
261            </intent-filter>
262        </receiver>
263
264        <provider
264-->[androidx.lifecycle:lifecycle-process:2.2.0] AndroidManifest.xml:25:9-29:43
265            android:name="androidx.lifecycle.ProcessLifecycleOwnerInitializer"
265-->[androidx.lifecycle:lifecycle-process:2.2.0] AndroidManifest.xml:26:13-79
266            android:authorities="com.foretech.musify.lifecycle-process"
266-->[androidx.lifecycle:lifecycle-process:2.2.0] AndroidManifest.xml:27:13-69
267            android:exported="false"
267-->[androidx.lifecycle:lifecycle-process:2.2.0] AndroidManifest.xml:28:13-37
268            android:multiprocess="true" />
268-->[androidx.lifecycle:lifecycle-process:2.2.0] AndroidManifest.xml:29:13-40
269
270        <service
270-->[androidx.room:room-runtime:2.2.5] AndroidManifest.xml:25:9-28:40
271            android:name="androidx.room.MultiInstanceInvalidationService"
271-->[androidx.room:room-runtime:2.2.5] AndroidManifest.xml:26:13-74
272            android:directBootAware="true"
272-->[androidx.room:room-runtime:2.2.5] AndroidManifest.xml:27:13-43
273            android:exported="false" />
273-->[androidx.room:room-runtime:2.2.5] AndroidManifest.xml:28:13-37
274    </application>
275
276</manifest>